29-10-2018 11:19:54.858 [main] INFO  o.s.c.c.c.ConfigServicePropertySourceLocator.getRemoteEnvironment - Fetching config from server at : http://localhost:8080
29-10-2018 11:19:55.197 [main] INFO  o.s.c.c.c.ConfigServicePropertySourceLocator.getRemoteEnvironment - Connect Timeout Exception on Url - http://localhost:8080. Will be trying the next url if available
29-10-2018 11:19:55.198 [main] WARN  o.s.c.c.c.ConfigServicePropertySourceLocator.locate - Could not locate PropertySource: I/O error on GET request for "http://localhost:8080/movieCruiser/default": Connection refused (Connection refused); nested exception is java.net.ConnectException: Connection refused (Connection refused)
29-10-2018 11:19:55.206 [main] INFO  c.stackroute.movieCruiserApplication.logStartupProfileInfo - No active profile set, falling back to default profiles: default
29-10-2018 11:19:55.246 [main] INFO  o.s.b.w.s.c.AnnotationConfigServletWebServerApplicationContext.prepareRefresh - Refreshing org.springframework.boot.web.servlet.context.AnnotationConfigServletWebServerApplicationContext@324c64cd: startup date [Mon Oct 29 11:19:55 IST 2018]; parent: org.springframework.context.annotation.AnnotationConfigApplicationContext@57ad2aa7
29-10-2018 11:19:59.043 [main] INFO  o.s.cloud.context.scope.GenericScope.setSerializationId - BeanFactory id=c7ed8e46-dd5e-3ea7-bae3-8f40f50c6006
29-10-2018 11:19:59.079 [main] INFO  o.s.b.f.a.AutowiredAnnotationBeanPostProcessor.<init> - JSR-330 'javax.inject.Inject' annotation found and supported for autowiring
29-10-2018 11:19:59.291 [main] INFO  o.s.c.s.PostProcessorRegistrationDelegate$BeanPostProcessorChecker.postProcessAfterInitialization - Bean 'org.springframework.cloud.autoconfigure.ConfigurationPropertiesRebinderAutoConfiguration' of type [org.springframework.cloud.autoconfigure.ConfigurationPropertiesRebinderAutoConfiguration$$EnhancerBySpringCGLIB$$f4a3ffb6] is not eligible for getting processed by all BeanPostProcessors (for example: not eligible for auto-proxying)
29-10-2018 11:20:00.275 [main] INFO  o.s.b.w.e.tomcat.TomcatWebServer.initialize - Tomcat initialized with port(s): 8080 (http)
29-10-2018 11:20:00.359 [main] INFO  o.a.catalina.core.StandardService.log - Starting service [Tomcat]
29-10-2018 11:20:00.360 [main] INFO  o.a.catalina.core.StandardEngine.log - Starting Servlet Engine: Apache Tomcat/8.5.34
29-10-2018 11:20:00.373 [localhost-startStop-1] INFO  o.a.c.core.AprLifecycleListener.log - The APR based Apache Tomcat Native library which allows optimal performance in production environments was not found on the java.library.path: [/usr/java/packages/lib:/usr/lib64:/lib64:/lib:/usr/lib]
29-10-2018 11:20:00.670 [localhost-startStop-1] INFO  o.a.c.c.C.[Tomcat].[localhost].[/].log - Initializing Spring embedded WebApplicationContext
29-10-2018 11:20:00.763 [localhost-startStop-1] INFO  o.s.b.w.s.ServletRegistrationBean.addRegistration - Servlet dispatcherServlet mapped to [/]
29-10-2018 11:20:00.769 [localhost-startStop-1] INFO  o.s.b.w.s.FilterRegistrationBean.configure - Mapping filter: 'characterEncodingFilter' to: [/*]
29-10-2018 11:20:00.770 [localhost-startStop-1] INFO  o.s.b.w.s.FilterRegistrationBean.configure - Mapping filter: 'hiddenHttpMethodFilter' to: [/*]
29-10-2018 11:20:00.771 [localhost-startStop-1] INFO  o.s.b.w.s.FilterRegistrationBean.configure - Mapping filter: 'httpPutFormContentFilter' to: [/*]
29-10-2018 11:20:00.772 [localhost-startStop-1] INFO  o.s.b.w.s.FilterRegistrationBean.configure - Mapping filter: 'requestContextFilter' to: [/*]
29-10-2018 11:20:01.700 [main] INFO  org.mongodb.driver.cluster.info - Cluster created with settings {hosts=[127.0.0.1:27017], mode=SINGLE, requiredClusterType=UNKNOWN, serverSelectionTimeout='30000 ms', maxWaitQueueSize=500}
29-10-2018 11:20:01.855 [cluster-ClusterId{value='5bd69f8936f2470502f91fd4', description='null'}-127.0.0.1:27017] INFO  org.mongodb.driver.connection.info - Opened connection [connectionId{localValue:1, serverValue:6}] to 127.0.0.1:27017
29-10-2018 11:20:01.865 [cluster-ClusterId{value='5bd69f8936f2470502f91fd4', description='null'}-127.0.0.1:27017] INFO  org.mongodb.driver.cluster.info - Monitor thread successfully connected to server with description ServerDescription{address=127.0.0.1:27017, type=STANDALONE, state=CONNECTED, ok=true, version=ServerVersion{versionList=[3, 6, 3]}, minWireVersion=0, maxWireVersion=6, maxDocumentSize=16777216, logicalSessionTimeoutMinutes=30, roundTripTimeNanos=7432902}
29-10-2018 11:20:03.794 [main] INFO  s.d.s.w.PropertySourcedRequestMappingHandlerMapping.initHandlerMethods - Mapped URL path [/v2/api-docs] onto method [public org.springframework.http.ResponseEntity<springfox.documentation.spring.web.json.Json> springfox.documentation.swagger2.web.Swagger2Controller.getDocumentation(java.lang.String,javax.servlet.http.HttpServletRequest)]
29-10-2018 11:20:03.951 [main] WARN  c.n.c.sources.URLConfigurationSource.<init> - No URLs will be polled as dynamic configuration sources.
29-10-2018 11:20:03.952 [main] INFO  c.n.c.sources.URLConfigurationSource.<init> - To enable URLs as dynamic configuration sources, define System property archaius.configurationSource.additionalUrls or make config.properties available on classpath.
29-10-2018 11:20:03.987 [main] WARN  c.n.c.sources.URLConfigurationSource.<init> - No URLs will be polled as dynamic configuration sources.
29-10-2018 11:20:03.988 [main] INFO  c.n.c.sources.URLConfigurationSource.<init> - To enable URLs as dynamic configuration sources, define System property archaius.configurationSource.additionalUrls or make config.properties available on classpath.
29-10-2018 11:20:05.416 [main] INFO  o.s.j.e.a.AnnotationMBeanExporter.afterSingletonsInstantiated - Registering beans for JMX exposure on startup
29-10-2018 11:20:05.433 [main] INFO  o.s.j.e.a.AnnotationMBeanExporter.autodetect - Bean with name 'refreshScope' has been autodetected for JMX exposure
29-10-2018 11:20:05.436 [main] INFO  o.s.j.e.a.AnnotationMBeanExporter.autodetect - Bean with name 'configurationPropertiesRebinder' has been autodetected for JMX exposure
29-10-2018 11:20:05.438 [main] INFO  o.s.j.e.a.AnnotationMBeanExporter.autodetect - Bean with name 'environmentManager' has been autodetected for JMX exposure
29-10-2018 11:20:05.443 [main] INFO  o.s.j.e.a.AnnotationMBeanExporter.registerBeanInstance - Located managed bean 'environmentManager': registering with JMX server as MBean [org.springframework.cloud.context.environment:name=environmentManager,type=EnvironmentManager]
29-10-2018 11:20:05.486 [main] INFO  o.s.j.e.a.AnnotationMBeanExporter.registerBeanInstance - Located managed bean 'refreshScope': registering with JMX server as MBean [org.springframework.cloud.context.scope.refresh:name=refreshScope,type=RefreshScope]
29-10-2018 11:20:05.505 [main] INFO  o.s.j.e.a.AnnotationMBeanExporter.registerBeanInstance - Located managed bean 'configurationPropertiesRebinder': registering with JMX server as MBean [org.springframework.cloud.context.properties:name=configurationPropertiesRebinder,context=324c64cd,type=ConfigurationPropertiesRebinder]
29-10-2018 11:20:05.536 [main] INFO  o.s.c.s.DefaultLifecycleProcessor.start - Starting beans in phase 2147483647
29-10-2018 11:20:05.538 [main] INFO  s.d.s.w.p.DocumentationPluginsBootstrapper.start - Context refreshed
29-10-2018 11:20:05.604 [main] INFO  s.d.s.w.p.DocumentationPluginsBootstrapper.start - Found 1 custom documentation plugin(s)
29-10-2018 11:20:05.726 [main] INFO  s.d.s.w.s.ApiListingReferenceScanner.scan - Scanning for api listing references
29-10-2018 11:20:06.073 [main] INFO  o.s.b.w.e.tomcat.TomcatWebServer.start - Tomcat started on port(s): 8080 (http) with context path ''
29-10-2018 11:20:06.090 [main] INFO  c.stackroute.movieCruiserApplication.logStarted - Started movieCruiserApplication in 15.585 seconds (JVM running for 17.431)
29-10-2018 11:20:11.183 [http-nio-8080-exec-1] INFO  o.a.c.c.C.[Tomcat].[localhost].[/].log - Initializing Spring FrameworkServlet 'dispatcherServlet'
29-10-2018 11:30:12.943 [Thread-5] INFO  o.s.b.w.s.c.AnnotationConfigServletWebServerApplicationContext.doClose - Closing org.springframework.boot.web.servlet.context.AnnotationConfigServletWebServerApplicationContext@324c64cd: startup date [Mon Oct 29 11:19:55 IST 2018]; parent: org.springframework.context.annotation.AnnotationConfigApplicationContext@57ad2aa7
29-10-2018 11:30:12.960 [Thread-5] INFO  o.s.c.s.DefaultLifecycleProcessor.stop - Stopping beans in phase 2147483647
29-10-2018 11:30:12.964 [Thread-5] INFO  o.s.j.e.a.AnnotationMBeanExporter.destroy - Unregistering JMX-exposed beans on shutdown
29-10-2018 11:30:12.965 [Thread-5] INFO  o.s.j.e.a.AnnotationMBeanExporter.unregisterBeans - Unregistering JMX-exposed beans
29-10-2018 11:31:06.767 [main] INFO  o.s.c.c.c.ConfigServicePropertySourceLocator.getRemoteEnvironment - Fetching config from server at : http://localhost:8080
29-10-2018 11:31:06.972 [main] INFO  o.s.c.c.c.ConfigServicePropertySourceLocator.getRemoteEnvironment - Connect Timeout Exception on Url - http://localhost:8080. Will be trying the next url if available
29-10-2018 11:31:06.973 [main] WARN  o.s.c.c.c.ConfigServicePropertySourceLocator.locate - Could not locate PropertySource: I/O error on GET request for "http://localhost:8080/movieCruiser/default": Connection refused (Connection refused); nested exception is java.net.ConnectException: Connection refused (Connection refused)
29-10-2018 11:31:06.978 [main] INFO  c.stackroute.movieCruiserApplication.logStartupProfileInfo - No active profile set, falling back to default profiles: default
29-10-2018 11:31:07.007 [main] INFO  o.s.b.w.s.c.AnnotationConfigServletWebServerApplicationContext.prepareRefresh - Refreshing org.springframework.boot.web.servlet.context.AnnotationConfigServletWebServerApplicationContext@2555fff0: startup date [Mon Oct 29 11:31:07 IST 2018]; parent: org.springframework.context.annotation.AnnotationConfigApplicationContext@275bf9b3
29-10-2018 11:31:09.179 [main] INFO  o.s.cloud.context.scope.GenericScope.setSerializationId - BeanFactory id=c7ed8e46-dd5e-3ea7-bae3-8f40f50c6006
29-10-2018 11:31:09.216 [main] INFO  o.s.b.f.a.AutowiredAnnotationBeanPostProcessor.<init> - JSR-330 'javax.inject.Inject' annotation found and supported for autowiring
29-10-2018 11:31:09.427 [main] INFO  o.s.c.s.PostProcessorRegistrationDelegate$BeanPostProcessorChecker.postProcessAfterInitialization - Bean 'org.springframework.cloud.autoconfigure.ConfigurationPropertiesRebinderAutoConfiguration' of type [org.springframework.cloud.autoconfigure.ConfigurationPropertiesRebinderAutoConfiguration$$EnhancerBySpringCGLIB$$84e80c31] is not eligible for getting processed by all BeanPostProcessors (for example: not eligible for auto-proxying)
29-10-2018 11:31:10.217 [main] INFO  o.s.b.w.e.tomcat.TomcatWebServer.initialize - Tomcat initialized with port(s): 8080 (http)
29-10-2018 11:31:10.287 [main] INFO  o.a.catalina.core.StandardService.log - Starting service [Tomcat]
29-10-2018 11:31:10.288 [main] INFO  o.a.catalina.core.StandardEngine.log - Starting Servlet Engine: Apache Tomcat/8.5.34
29-10-2018 11:31:10.309 [localhost-startStop-1] INFO  o.a.c.core.AprLifecycleListener.log - The APR based Apache Tomcat Native library which allows optimal performance in production environments was not found on the java.library.path: [/usr/java/packages/lib:/usr/lib64:/lib64:/lib:/usr/lib]
29-10-2018 11:31:10.612 [localhost-startStop-1] INFO  o.a.c.c.C.[Tomcat].[localhost].[/].log - Initializing Spring embedded WebApplicationContext
29-10-2018 11:31:10.712 [localhost-startStop-1] INFO  o.s.b.w.s.ServletRegistrationBean.addRegistration - Servlet dispatcherServlet mapped to [/]
29-10-2018 11:31:10.718 [localhost-startStop-1] INFO  o.s.b.w.s.FilterRegistrationBean.configure - Mapping filter: 'characterEncodingFilter' to: [/*]
29-10-2018 11:31:10.719 [localhost-startStop-1] INFO  o.s.b.w.s.FilterRegistrationBean.configure - Mapping filter: 'hiddenHttpMethodFilter' to: [/*]
29-10-2018 11:31:10.720 [localhost-startStop-1] INFO  o.s.b.w.s.FilterRegistrationBean.configure - Mapping filter: 'httpPutFormContentFilter' to: [/*]
29-10-2018 11:31:10.721 [localhost-startStop-1] INFO  o.s.b.w.s.FilterRegistrationBean.configure - Mapping filter: 'requestContextFilter' to: [/*]
29-10-2018 11:31:11.248 [main] INFO  org.mongodb.driver.cluster.info - Cluster created with settings {hosts=[127.0.0.1:27017], mode=SINGLE, requiredClusterType=UNKNOWN, serverSelectionTimeout='30000 ms', maxWaitQueueSize=500}
29-10-2018 11:31:11.370 [cluster-ClusterId{value='5bd6a22736f2470b054c6929', description='null'}-127.0.0.1:27017] INFO  org.mongodb.driver.connection.info - Opened connection [connectionId{localValue:1, serverValue:9}] to 127.0.0.1:27017
29-10-2018 11:31:11.382 [cluster-ClusterId{value='5bd6a22736f2470b054c6929', description='null'}-127.0.0.1:27017] INFO  org.mongodb.driver.cluster.info - Monitor thread successfully connected to server with description ServerDescription{address=127.0.0.1:27017, type=STANDALONE, state=CONNECTED, ok=true, version=ServerVersion{versionList=[3, 6, 3]}, minWireVersion=0, maxWireVersion=6, maxDocumentSize=16777216, logicalSessionTimeoutMinutes=30, roundTripTimeNanos=8546303}
29-10-2018 11:31:12.966 [main] INFO  s.d.s.w.PropertySourcedRequestMappingHandlerMapping.initHandlerMethods - Mapped URL path [/v2/api-docs] onto method [public org.springframework.http.ResponseEntity<springfox.documentation.spring.web.json.Json> springfox.documentation.swagger2.web.Swagger2Controller.getDocumentation(java.lang.String,javax.servlet.http.HttpServletRequest)]
29-10-2018 11:31:13.029 [main] WARN  c.n.c.sources.URLConfigurationSource.<init> - No URLs will be polled as dynamic configuration sources.
29-10-2018 11:31:13.030 [main] INFO  c.n.c.sources.URLConfigurationSource.<init> - To enable URLs as dynamic configuration sources, define System property archaius.configurationSource.additionalUrls or make config.properties available on classpath.
29-10-2018 11:31:13.043 [main] WARN  c.n.c.sources.URLConfigurationSource.<init> - No URLs will be polled as dynamic configuration sources.
29-10-2018 11:31:13.044 [main] INFO  c.n.c.sources.URLConfigurationSource.<init> - To enable URLs as dynamic configuration sources, define System property archaius.configurationSource.additionalUrls or make config.properties available on classpath.
29-10-2018 11:31:14.109 [main] INFO  o.s.j.e.a.AnnotationMBeanExporter.afterSingletonsInstantiated - Registering beans for JMX exposure on startup
29-10-2018 11:31:14.127 [main] INFO  o.s.j.e.a.AnnotationMBeanExporter.autodetect - Bean with name 'refreshScope' has been autodetected for JMX exposure
29-10-2018 11:31:14.130 [main] INFO  o.s.j.e.a.AnnotationMBeanExporter.autodetect - Bean with name 'configurationPropertiesRebinder' has been autodetected for JMX exposure
29-10-2018 11:31:14.131 [main] INFO  o.s.j.e.a.AnnotationMBeanExporter.autodetect - Bean with name 'environmentManager' has been autodetected for JMX exposure
29-10-2018 11:31:14.137 [main] INFO  o.s.j.e.a.AnnotationMBeanExporter.registerBeanInstance - Located managed bean 'environmentManager': registering with JMX server as MBean [org.springframework.cloud.context.environment:name=environmentManager,type=EnvironmentManager]
29-10-2018 11:31:14.191 [main] INFO  o.s.j.e.a.AnnotationMBeanExporter.registerBeanInstance - Located managed bean 'refreshScope': registering with JMX server as MBean [org.springframework.cloud.context.scope.refresh:name=refreshScope,type=RefreshScope]
29-10-2018 11:31:14.207 [main] INFO  o.s.j.e.a.AnnotationMBeanExporter.registerBeanInstance - Located managed bean 'configurationPropertiesRebinder': registering with JMX server as MBean [org.springframework.cloud.context.properties:name=configurationPropertiesRebinder,context=2555fff0,type=ConfigurationPropertiesRebinder]
29-10-2018 11:31:14.232 [main] INFO  o.s.c.s.DefaultLifecycleProcessor.start - Starting beans in phase 2147483647
29-10-2018 11:31:14.234 [main] INFO  s.d.s.w.p.DocumentationPluginsBootstrapper.start - Context refreshed
29-10-2018 11:31:14.274 [main] INFO  s.d.s.w.p.DocumentationPluginsBootstrapper.start - Found 1 custom documentation plugin(s)
29-10-2018 11:31:14.342 [main] INFO  s.d.s.w.s.ApiListingReferenceScanner.scan - Scanning for api listing references
29-10-2018 11:31:14.654 [main] INFO  o.s.b.w.e.tomcat.TomcatWebServer.start - Tomcat started on port(s): 8080 (http) with context path ''
29-10-2018 11:31:14.690 [main] INFO  c.stackroute.movieCruiserApplication.logStarted - Started movieCruiserApplication in 12.661 seconds (JVM running for 14.419)
29-10-2018 11:31:27.395 [http-nio-8080-exec-1] INFO  o.a.c.c.C.[Tomcat].[localhost].[/].log - Initializing Spring FrameworkServlet 'dispatcherServlet'
29-10-2018 11:33:18.920 [http-nio-8080-exec-4] INFO  org.mongodb.driver.connection.info - Opened connection [connectionId{localValue:2, serverValue:10}] to 127.0.0.1:27017
29-10-2018 11:56:28.276 [Thread-5] INFO  o.s.b.w.s.c.AnnotationConfigServletWebServerApplicationContext.doClose - Closing org.springframework.boot.web.servlet.context.AnnotationConfigServletWebServerApplicationContext@2555fff0: startup date [Mon Oct 29 11:31:07 IST 2018]; parent: org.springframework.context.annotation.AnnotationConfigApplicationContext@275bf9b3
29-10-2018 11:56:28.279 [Thread-5] INFO  o.s.c.s.DefaultLifecycleProcessor.stop - Stopping beans in phase 2147483647
29-10-2018 11:56:28.283 [Thread-5] INFO  o.s.j.e.a.AnnotationMBeanExporter.destroy - Unregistering JMX-exposed beans on shutdown
29-10-2018 11:56:28.285 [Thread-5] INFO  o.s.j.e.a.AnnotationMBeanExporter.unregisterBeans - Unregistering JMX-exposed beans
29-10-2018 11:56:28.318 [Thread-5] INFO  org.mongodb.driver.connection.info - Closed connection [connectionId{localValue:2, serverValue:10}] to 127.0.0.1:27017 because the pool has been closed.
